ARM GAS  /var/folders/6s/3jl6m5jx7t98nc481w7chwg80000gn/T//cczMgQgX.s 			page 1


   1              		.cpu cortex-m4
   2              		.eabi_attribute 27, 1
   3              		.eabi_attribute 28, 1
   4              		.eabi_attribute 20, 1
   5              		.eabi_attribute 21, 1
   6              		.eabi_attribute 23, 3
   7              		.eabi_attribute 24, 1
   8              		.eabi_attribute 25, 1
   9              		.eabi_attribute 26, 1
  10              		.eabi_attribute 30, 1
  11              		.eabi_attribute 34, 1
  12              		.eabi_attribute 18, 4
  13              		.file	"main.c"
  14              		.text
  15              	.Ltext0:
  16              		.cfi_sections	.debug_frame
  17              		.section	.text.MX_GPIO_Init,"ax",%progbits
  18              		.align	1
  19              		.arch armv7e-m
  20              		.syntax unified
  21              		.thumb
  22              		.thumb_func
  23              		.fpu fpv4-sp-d16
  25              	MX_GPIO_Init:
  26              	.LFB125:
  27              		.file 1 "Core/Src/main.c"
   1:Core/Src/main.c **** /* USER CODE BEGIN Header */
   2:Core/Src/main.c **** /**
   3:Core/Src/main.c ****   ******************************************************************************
   4:Core/Src/main.c ****   * @file           : main.c
   5:Core/Src/main.c ****   * @brief          : Main program body
   6:Core/Src/main.c ****   ******************************************************************************
   7:Core/Src/main.c ****   * @attention
   8:Core/Src/main.c ****   *
   9:Core/Src/main.c ****   * <h2><center>&copy; Copyright (c) 2021 STMicroelectronics.
  10:Core/Src/main.c ****   * All rights reserved.</center></h2>
  11:Core/Src/main.c ****   *
  12:Core/Src/main.c ****   * This software component is licensed by ST under BSD 3-Clause license,
  13:Core/Src/main.c ****   * the "License"; You may not use this file except in compliance with the
  14:Core/Src/main.c ****   * License. You may obtain a copy of the License at:
  15:Core/Src/main.c ****   *                        opensource.org/licenses/BSD-3-Clause
  16:Core/Src/main.c ****   *
  17:Core/Src/main.c ****   ******************************************************************************
  18:Core/Src/main.c ****   */
  19:Core/Src/main.c **** /* USER CODE END Header */
  20:Core/Src/main.c **** /* Includes ------------------------------------------------------------------*/
  21:Core/Src/main.c **** #include "main.h"
  22:Core/Src/main.c **** 
  23:Core/Src/main.c **** /* Private includes ----------------------------------------------------------*/
  24:Core/Src/main.c **** /* USER CODE BEGIN Includes */
  25:Core/Src/main.c **** 
  26:Core/Src/main.c **** /* USER CODE END Includes */
  27:Core/Src/main.c **** 
  28:Core/Src/main.c **** /* Private typedef -----------------------------------------------------------*/
  29:Core/Src/main.c **** /* USER CODE BEGIN PTD */
  30:Core/Src/main.c **** 
  31:Core/Src/main.c **** /* USER CODE END PTD */
ARM GAS  /var/folders/6s/3jl6m5jx7t98nc481w7chwg80000gn/T//cczMgQgX.s 			page 2


  32:Core/Src/main.c **** 
  33:Core/Src/main.c **** /* Private define ------------------------------------------------------------*/
  34:Core/Src/main.c **** /* USER CODE BEGIN PD */
  35:Core/Src/main.c **** /* USER CODE END PD */
  36:Core/Src/main.c **** 
  37:Core/Src/main.c **** /* Private macro -------------------------------------------------------------*/
  38:Core/Src/main.c **** /* USER CODE BEGIN PM */
  39:Core/Src/main.c **** 
  40:Core/Src/main.c **** /* USER CODE END PM */
  41:Core/Src/main.c **** 
  42:Core/Src/main.c **** /* Private variables ---------------------------------------------------------*/
  43:Core/Src/main.c **** 
  44:Core/Src/main.c **** /* USER CODE BEGIN PV */
  45:Core/Src/main.c **** 
  46:Core/Src/main.c **** /* USER CODE END PV */
  47:Core/Src/main.c **** 
  48:Core/Src/main.c **** /* Private function prototypes -----------------------------------------------*/
  49:Core/Src/main.c **** void SystemClock_Config(void);
  50:Core/Src/main.c **** static void MX_GPIO_Init(void);
  51:Core/Src/main.c **** /* USER CODE BEGIN PFP */
  52:Core/Src/main.c **** 
  53:Core/Src/main.c **** /* USER CODE END PFP */
  54:Core/Src/main.c **** 
  55:Core/Src/main.c **** /* Private user code ---------------------------------------------------------*/
  56:Core/Src/main.c **** /* USER CODE BEGIN 0 */
  57:Core/Src/main.c **** 
  58:Core/Src/main.c **** /* USER CODE END 0 */
  59:Core/Src/main.c **** 
  60:Core/Src/main.c **** /**
  61:Core/Src/main.c ****   * @brief  The application entry point.
  62:Core/Src/main.c ****   * @retval int
  63:Core/Src/main.c ****   */
  64:Core/Src/main.c **** int main(void)
  65:Core/Src/main.c **** {
  66:Core/Src/main.c ****   /* USER CODE BEGIN 1 */
  67:Core/Src/main.c **** 
  68:Core/Src/main.c ****   /* USER CODE END 1 */
  69:Core/Src/main.c **** 
  70:Core/Src/main.c ****   /* MCU Configuration--------------------------------------------------------*/
  71:Core/Src/main.c **** 
  72:Core/Src/main.c ****   /* Reset of all peripherals, Initializes the Flash interface and the Systick. */
  73:Core/Src/main.c ****   HAL_Init();
  74:Core/Src/main.c **** 
  75:Core/Src/main.c ****   /* USER CODE BEGIN Init */
  76:Core/Src/main.c **** 
  77:Core/Src/main.c ****   /* USER CODE END Init */
  78:Core/Src/main.c **** 
  79:Core/Src/main.c ****   /* Configure the system clock */
  80:Core/Src/main.c ****   SystemClock_Config();
  81:Core/Src/main.c **** 
  82:Core/Src/main.c ****   /* USER CODE BEGIN SysInit */
  83:Core/Src/main.c **** 
  84:Core/Src/main.c ****   /* USER CODE END SysInit */
  85:Core/Src/main.c **** 
  86:Core/Src/main.c ****   /* Initialize all configured peripherals */
  87:Core/Src/main.c ****   MX_GPIO_Init();
  88:Core/Src/main.c ****   /* USER CODE BEGIN 2 */
ARM GAS  /var/folders/6s/3jl6m5jx7t98nc481w7chwg80000gn/T//cczMgQgX.s 			page 3


  89:Core/Src/main.c **** 
  90:Core/Src/main.c ****   /* USER CODE END 2 */
  91:Core/Src/main.c **** 
  92:Core/Src/main.c ****   /* Infinite loop */
  93:Core/Src/main.c ****   /* USER CODE BEGIN WHILE */
  94:Core/Src/main.c ****   while (1)
  95:Core/Src/main.c ****   {
  96:Core/Src/main.c ****     HAL_GPIO_TogglePin(GPIOB, GPIO_PIN_3);
  97:Core/Src/main.c ****     HAL_Delay(1000);
  98:Core/Src/main.c ****     /* USER CODE END WHILE */
  99:Core/Src/main.c **** 
 100:Core/Src/main.c ****     /* USER CODE BEGIN 3 */
 101:Core/Src/main.c ****   }
 102:Core/Src/main.c ****   /* USER CODE END 3 */
 103:Core/Src/main.c **** }
 104:Core/Src/main.c **** 
 105:Core/Src/main.c **** /**
 106:Core/Src/main.c ****   * @brief System Clock Configuration
 107:Core/Src/main.c ****   * @retval None
 108:Core/Src/main.c ****   */
 109:Core/Src/main.c **** void SystemClock_Config(void)
 110:Core/Src/main.c **** {
 111:Core/Src/main.c ****   RCC_OscInitTypeDef RCC_OscInitStruct = {0};
 112:Core/Src/main.c ****   RCC_ClkInitTypeDef RCC_ClkInitStruct = {0};
 113:Core/Src/main.c **** 
 114:Core/Src/main.c ****   /** Initializes the RCC Oscillators according to the specified parameters
 115:Core/Src/main.c ****   * in the RCC_OscInitTypeDef structure.
 116:Core/Src/main.c ****   */
 117:Core/Src/main.c ****   RCC_OscInitStruct.OscillatorType = RCC_OSCILLATORTYPE_HSI;
 118:Core/Src/main.c ****   RCC_OscInitStruct.HSIState = RCC_HSI_ON;
 119:Core/Src/main.c ****   RCC_OscInitStruct.HSICalibrationValue = RCC_HSICALIBRATION_DEFAULT;
 120:Core/Src/main.c ****   RCC_OscInitStruct.PLL.PLLState = RCC_PLL_NONE;
 121:Core/Src/main.c ****   if (HAL_RCC_OscConfig(&RCC_OscInitStruct) != HAL_OK)
 122:Core/Src/main.c ****   {
 123:Core/Src/main.c ****     Error_Handler();
 124:Core/Src/main.c ****   }
 125:Core/Src/main.c ****   /** Initializes the CPU, AHB and APB buses clocks
 126:Core/Src/main.c ****   */
 127:Core/Src/main.c ****   RCC_ClkInitStruct.ClockType = RCC_CLOCKTYPE_HCLK|RCC_CLOCKTYPE_SYSCLK
 128:Core/Src/main.c ****                               |RCC_CLOCKTYPE_PCLK1|RCC_CLOCKTYPE_PCLK2;
 129:Core/Src/main.c ****   RCC_ClkInitStruct.SYSCLKSource = RCC_SYSCLKSOURCE_HSI;
 130:Core/Src/main.c ****   RCC_ClkInitStruct.AHBCLKDivider = RCC_SYSCLK_DIV1;
 131:Core/Src/main.c ****   RCC_ClkInitStruct.APB1CLKDivider = RCC_HCLK_DIV1;
 132:Core/Src/main.c ****   RCC_ClkInitStruct.APB2CLKDivider = RCC_HCLK_DIV1;
 133:Core/Src/main.c **** 
 134:Core/Src/main.c ****   if (HAL_RCC_ClockConfig(&RCC_ClkInitStruct, FLASH_LATENCY_0) != HAL_OK)
 135:Core/Src/main.c ****   {
 136:Core/Src/main.c ****     Error_Handler();
 137:Core/Src/main.c ****   }
 138:Core/Src/main.c **** }
 139:Core/Src/main.c **** 
 140:Core/Src/main.c **** /**
 141:Core/Src/main.c ****   * @brief GPIO Initialization Function
 142:Core/Src/main.c ****   * @param None
 143:Core/Src/main.c ****   * @retval None
 144:Core/Src/main.c ****   */
 145:Core/Src/main.c **** static void MX_GPIO_Init(void)
ARM GAS  /var/folders/6s/3jl6m5jx7t98nc481w7chwg80000gn/T//cczMgQgX.s 			page 4


 146:Core/Src/main.c **** {
  28              		.loc 1 146 1 view -0
  29              		.cfi_startproc
  30              		@ args = 0, pretend = 0, frame = 24
  31              		@ frame_needed = 0, uses_anonymous_args = 0
  32 0000 30B5     		push	{r4, r5, lr}
  33              	.LCFI0:
  34              		.cfi_def_cfa_offset 12
  35              		.cfi_offset 4, -12
  36              		.cfi_offset 5, -8
  37              		.cfi_offset 14, -4
  38 0002 87B0     		sub	sp, sp, #28
  39              	.LCFI1:
  40              		.cfi_def_cfa_offset 40
 147:Core/Src/main.c ****   GPIO_InitTypeDef GPIO_InitStruct = {0};
  41              		.loc 1 147 3 view .LVU1
  42              		.loc 1 147 20 is_stmt 0 view .LVU2
  43 0004 0024     		movs	r4, #0
  44 0006 0194     		str	r4, [sp, #4]
  45 0008 0294     		str	r4, [sp, #8]
  46 000a 0394     		str	r4, [sp, #12]
  47 000c 0494     		str	r4, [sp, #16]
  48 000e 0594     		str	r4, [sp, #20]
 148:Core/Src/main.c **** 
 149:Core/Src/main.c ****   /* GPIO Ports Clock Enable */
 150:Core/Src/main.c ****   __HAL_RCC_GPIOB_CLK_ENABLE();
  49              		.loc 1 150 3 is_stmt 1 view .LVU3
  50              	.LBB4:
  51              		.loc 1 150 3 view .LVU4
  52              		.loc 1 150 3 view .LVU5
  53 0010 0D4B     		ldr	r3, .L3
  54 0012 5A69     		ldr	r2, [r3, #20]
  55 0014 42F48022 		orr	r2, r2, #262144
  56 0018 5A61     		str	r2, [r3, #20]
  57              		.loc 1 150 3 view .LVU6
  58 001a 5B69     		ldr	r3, [r3, #20]
  59 001c 03F48023 		and	r3, r3, #262144
  60 0020 0093     		str	r3, [sp]
  61              		.loc 1 150 3 view .LVU7
  62 0022 009B     		ldr	r3, [sp]
  63              	.LBE4:
  64              		.loc 1 150 3 view .LVU8
 151:Core/Src/main.c **** 
 152:Core/Src/main.c ****   /*Configure GPIO pin Output Level */
 153:Core/Src/main.c ****   HAL_GPIO_WritePin(GPIOB, GPIO_PIN_3, GPIO_PIN_RESET);
  65              		.loc 1 153 3 view .LVU9
  66 0024 094D     		ldr	r5, .L3+4
  67 0026 2246     		mov	r2, r4
  68 0028 0821     		movs	r1, #8
  69 002a 2846     		mov	r0, r5
  70 002c FFF7FEFF 		bl	HAL_GPIO_WritePin
  71              	.LVL0:
 154:Core/Src/main.c **** 
 155:Core/Src/main.c ****   /*Configure GPIO pin : PB3 */
 156:Core/Src/main.c ****   GPIO_InitStruct.Pin = GPIO_PIN_3;
  72              		.loc 1 156 3 view .LVU10
  73              		.loc 1 156 23 is_stmt 0 view .LVU11
ARM GAS  /var/folders/6s/3jl6m5jx7t98nc481w7chwg80000gn/T//cczMgQgX.s 			page 5


  74 0030 0823     		movs	r3, #8
  75 0032 0193     		str	r3, [sp, #4]
 157:Core/Src/main.c ****   GPIO_InitStruct.Mode = GPIO_MODE_OUTPUT_PP;
  76              		.loc 1 157 3 is_stmt 1 view .LVU12
  77              		.loc 1 157 24 is_stmt 0 view .LVU13
  78 0034 0123     		movs	r3, #1
  79 0036 0293     		str	r3, [sp, #8]
 158:Core/Src/main.c ****   GPIO_InitStruct.Pull = GPIO_NOPULL;
  80              		.loc 1 158 3 is_stmt 1 view .LVU14
  81              		.loc 1 158 24 is_stmt 0 view .LVU15
  82 0038 0394     		str	r4, [sp, #12]
 159:Core/Src/main.c ****   GPIO_InitStruct.Speed = GPIO_SPEED_FREQ_LOW;
  83              		.loc 1 159 3 is_stmt 1 view .LVU16
  84              		.loc 1 159 25 is_stmt 0 view .LVU17
  85 003a 0494     		str	r4, [sp, #16]
 160:Core/Src/main.c ****   HAL_GPIO_Init(GPIOB, &GPIO_InitStruct);
  86              		.loc 1 160 3 is_stmt 1 view .LVU18
  87 003c 01A9     		add	r1, sp, #4
  88 003e 2846     		mov	r0, r5
  89 0040 FFF7FEFF 		bl	HAL_GPIO_Init
  90              	.LVL1:
 161:Core/Src/main.c **** 
 162:Core/Src/main.c **** }
  91              		.loc 1 162 1 is_stmt 0 view .LVU19
  92 0044 07B0     		add	sp, sp, #28
  93              	.LCFI2:
  94              		.cfi_def_cfa_offset 12
  95              		@ sp needed
  96 0046 30BD     		pop	{r4, r5, pc}
  97              	.L4:
  98              		.align	2
  99              	.L3:
 100 0048 00100240 		.word	1073876992
 101 004c 00040048 		.word	1207960576
 102              		.cfi_endproc
 103              	.LFE125:
 105              		.section	.text.Error_Handler,"ax",%progbits
 106              		.align	1
 107              		.global	Error_Handler
 108              		.syntax unified
 109              		.thumb
 110              		.thumb_func
 111              		.fpu fpv4-sp-d16
 113              	Error_Handler:
 114              	.LFB126:
 163:Core/Src/main.c **** 
 164:Core/Src/main.c **** /* USER CODE BEGIN 4 */
 165:Core/Src/main.c **** 
 166:Core/Src/main.c **** /* USER CODE END 4 */
 167:Core/Src/main.c **** 
 168:Core/Src/main.c **** /**
 169:Core/Src/main.c ****   * @brief  This function is executed in case of error occurrence.
 170:Core/Src/main.c ****   * @retval None
 171:Core/Src/main.c ****   */
 172:Core/Src/main.c **** void Error_Handler(void)
 173:Core/Src/main.c **** {
 115              		.loc 1 173 1 is_stmt 1 view -0
ARM GAS  /var/folders/6s/3jl6m5jx7t98nc481w7chwg80000gn/T//cczMgQgX.s 			page 6


 116              		.cfi_startproc
 117              		@ Volatile: function does not return.
 118              		@ args = 0, pretend = 0, frame = 0
 119              		@ frame_needed = 0, uses_anonymous_args = 0
 120              		@ link register save eliminated.
 174:Core/Src/main.c ****   /* USER CODE BEGIN Error_Handler_Debug */
 175:Core/Src/main.c ****   /* User can add his own implementation to report the HAL error return state */
 176:Core/Src/main.c ****   __disable_irq();
 121              		.loc 1 176 3 view .LVU21
 122              	.LBB5:
 123              	.LBI5:
 124              		.file 2 "Drivers/CMSIS/Include/cmsis_gcc.h"
   1:Drivers/CMSIS/Include/cmsis_gcc.h **** /**************************************************************************//**
   2:Drivers/CMSIS/Include/cmsis_gcc.h ****  * @file     cmsis_gcc.h
   3:Drivers/CMSIS/Include/cmsis_gcc.h ****  * @brief    CMSIS compiler GCC header file
   4:Drivers/CMSIS/Include/cmsis_gcc.h ****  * @version  V5.0.4
   5:Drivers/CMSIS/Include/cmsis_gcc.h ****  * @date     09. April 2018
   6:Drivers/CMSIS/Include/cmsis_gcc.h ****  ******************************************************************************/
   7:Drivers/CMSIS/Include/cmsis_gcc.h **** /*
   8:Drivers/CMSIS/Include/cmsis_gcc.h ****  * Copyright (c) 2009-2018 Arm Limited. All rights reserved.
   9:Drivers/CMSIS/Include/cmsis_gcc.h ****  *
  10:Drivers/CMSIS/Include/cmsis_gcc.h ****  * SPDX-License-Identifier: Apache-2.0
  11:Drivers/CMSIS/Include/cmsis_gcc.h ****  *
  12:Drivers/CMSIS/Include/cmsis_gcc.h ****  * Licensed under the Apache License, Version 2.0 (the License); you may
  13:Drivers/CMSIS/Include/cmsis_gcc.h ****  * not use this file except in compliance with the License.
  14:Drivers/CMSIS/Include/cmsis_gcc.h ****  * You may obtain a copy of the License at
  15:Drivers/CMSIS/Include/cmsis_gcc.h ****  *
  16:Drivers/CMSIS/Include/cmsis_gcc.h ****  * www.apache.org/licenses/LICENSE-2.0
  17:Drivers/CMSIS/Include/cmsis_gcc.h ****  *
  18:Drivers/CMSIS/Include/cmsis_gcc.h ****  * Unless required by applicable law or agreed to in writing, software
  19:Drivers/CMSIS/Include/cmsis_gcc.h ****  * distributed under the License is distributed on an AS IS BASIS, WITHOUT
  20:Drivers/CMSIS/Include/cmsis_gcc.h ****  * WARRANTIES OR CONDITIONS OF ANY KIND, either express or implied.
  21:Drivers/CMSIS/Include/cmsis_gcc.h ****  * See the License for the specific language governing permissions and
  22:Drivers/CMSIS/Include/cmsis_gcc.h ****  * limitations under the License.
  23:Drivers/CMSIS/Include/cmsis_gcc.h ****  */
  24:Drivers/CMSIS/Include/cmsis_gcc.h **** 
  25:Drivers/CMSIS/Include/cmsis_gcc.h **** #ifndef __CMSIS_GCC_H
  26:Drivers/CMSIS/Include/cmsis_gcc.h **** #define __CMSIS_GCC_H
  27:Drivers/CMSIS/Include/cmsis_gcc.h **** 
  28:Drivers/CMSIS/Include/cmsis_gcc.h **** /* ignore some GCC warnings */
  29:Drivers/CMSIS/Include/cmsis_gcc.h **** #pragma GCC diagnostic push
  30:Drivers/CMSIS/Include/cmsis_gcc.h **** #pragma GCC diagnostic ignored "-Wsign-conversion"
  31:Drivers/CMSIS/Include/cmsis_gcc.h **** #pragma GCC diagnostic ignored "-Wconversion"
  32:Drivers/CMSIS/Include/cmsis_gcc.h **** #pragma GCC diagnostic ignored "-Wunused-parameter"
  33:Drivers/CMSIS/Include/cmsis_gcc.h **** 
  34:Drivers/CMSIS/Include/cmsis_gcc.h **** /* Fallback for __has_builtin */
  35:Drivers/CMSIS/Include/cmsis_gcc.h **** #ifndef __has_builtin
  36:Drivers/CMSIS/Include/cmsis_gcc.h ****   #define __has_builtin(x) (0)
  37:Drivers/CMSIS/Include/cmsis_gcc.h **** #endif
  38:Drivers/CMSIS/Include/cmsis_gcc.h **** 
  39:Drivers/CMSIS/Include/cmsis_gcc.h **** /* CMSIS compiler specific defines */
  40:Drivers/CMSIS/Include/cmsis_gcc.h **** #ifndef   __ASM
  41:Drivers/CMSIS/Include/cmsis_gcc.h ****   #define __ASM                                  __asm
  42:Drivers/CMSIS/Include/cmsis_gcc.h **** #endif
  43:Drivers/CMSIS/Include/cmsis_gcc.h **** #ifndef   __INLINE
  44:Drivers/CMSIS/Include/cmsis_gcc.h ****   #define __INLINE                               inline
  45:Drivers/CMSIS/Include/cmsis_gcc.h **** #endif
ARM GAS  /var/folders/6s/3jl6m5jx7t98nc481w7chwg80000gn/T//cczMgQgX.s 			page 7


  46:Drivers/CMSIS/Include/cmsis_gcc.h **** #ifndef   __STATIC_INLINE
  47:Drivers/CMSIS/Include/cmsis_gcc.h ****   #define __STATIC_INLINE                        static inline
  48:Drivers/CMSIS/Include/cmsis_gcc.h **** #endif
  49:Drivers/CMSIS/Include/cmsis_gcc.h **** #ifndef   __STATIC_FORCEINLINE                 
  50:Drivers/CMSIS/Include/cmsis_gcc.h ****   #define __STATIC_FORCEINLINE                   __attribute__((always_inline)) static inline
  51:Drivers/CMSIS/Include/cmsis_gcc.h **** #endif                                           
  52:Drivers/CMSIS/Include/cmsis_gcc.h **** #ifndef   __NO_RETURN
  53:Drivers/CMSIS/Include/cmsis_gcc.h ****   #define __NO_RETURN                            __attribute__((__noreturn__))
  54:Drivers/CMSIS/Include/cmsis_gcc.h **** #endif
  55:Drivers/CMSIS/Include/cmsis_gcc.h **** #ifndef   __USED
  56:Drivers/CMSIS/Include/cmsis_gcc.h ****   #define __USED                                 __attribute__((used))
  57:Drivers/CMSIS/Include/cmsis_gcc.h **** #endif
  58:Drivers/CMSIS/Include/cmsis_gcc.h **** #ifndef   __WEAK
  59:Drivers/CMSIS/Include/cmsis_gcc.h ****   #define __WEAK                                 __attribute__((weak))
  60:Drivers/CMSIS/Include/cmsis_gcc.h **** #endif
  61:Drivers/CMSIS/Include/cmsis_gcc.h **** #ifndef   __PACKED
  62:Drivers/CMSIS/Include/cmsis_gcc.h ****   #define __PACKED                               __attribute__((packed, aligned(1)))
  63:Drivers/CMSIS/Include/cmsis_gcc.h **** #endif
  64:Drivers/CMSIS/Include/cmsis_gcc.h **** #ifndef   __PACKED_STRUCT
  65:Drivers/CMSIS/Include/cmsis_gcc.h ****   #define __PACKED_STRUCT                        struct __attribute__((packed, aligned(1)))
  66:Drivers/CMSIS/Include/cmsis_gcc.h **** #endif
  67:Drivers/CMSIS/Include/cmsis_gcc.h **** #ifndef   __PACKED_UNION
  68:Drivers/CMSIS/Include/cmsis_gcc.h ****   #define __PACKED_UNION                         union __attribute__((packed, aligned(1)))
  69:Drivers/CMSIS/Include/cmsis_gcc.h **** #endif
  70:Drivers/CMSIS/Include/cmsis_gcc.h **** #ifndef   __UNALIGNED_UINT32        /* deprecated */
  71:Drivers/CMSIS/Include/cmsis_gcc.h ****   #pragma GCC diagnostic push
  72:Drivers/CMSIS/Include/cmsis_gcc.h ****   #pragma GCC diagnostic ignored "-Wpacked"
  73:Drivers/CMSIS/Include/cmsis_gcc.h ****   #pragma GCC diagnostic ignored "-Wattributes"
  74:Drivers/CMSIS/Include/cmsis_gcc.h ****   struct __attribute__((packed)) T_UINT32 { uint32_t v; };
  75:Drivers/CMSIS/Include/cmsis_gcc.h ****   #pragma GCC diagnostic pop
  76:Drivers/CMSIS/Include/cmsis_gcc.h ****   #define __UNALIGNED_UINT32(x)                  (((struct T_UINT32 *)(x))->v)
  77:Drivers/CMSIS/Include/cmsis_gcc.h **** #endif
  78:Drivers/CMSIS/Include/cmsis_gcc.h **** #ifndef   __UNALIGNED_UINT16_WRITE
  79:Drivers/CMSIS/Include/cmsis_gcc.h ****   #pragma GCC diagnostic push
  80:Drivers/CMSIS/Include/cmsis_gcc.h ****   #pragma GCC diagnostic ignored "-Wpacked"
  81:Drivers/CMSIS/Include/cmsis_gcc.h ****   #pragma GCC diagnostic ignored "-Wattributes"
  82:Drivers/CMSIS/Include/cmsis_gcc.h ****   __PACKED_STRUCT T_UINT16_WRITE { uint16_t v; };
  83:Drivers/CMSIS/Include/cmsis_gcc.h ****   #pragma GCC diagnostic pop
  84:Drivers/CMSIS/Include/cmsis_gcc.h ****   #define __UNALIGNED_UINT16_WRITE(addr, val)    (void)((((struct T_UINT16_WRITE *)(void *)(addr))-
  85:Drivers/CMSIS/Include/cmsis_gcc.h **** #endif
  86:Drivers/CMSIS/Include/cmsis_gcc.h **** #ifndef   __UNALIGNED_UINT16_READ
  87:Drivers/CMSIS/Include/cmsis_gcc.h ****   #pragma GCC diagnostic push
  88:Drivers/CMSIS/Include/cmsis_gcc.h ****   #pragma GCC diagnostic ignored "-Wpacked"
  89:Drivers/CMSIS/Include/cmsis_gcc.h ****   #pragma GCC diagnostic ignored "-Wattributes"
  90:Drivers/CMSIS/Include/cmsis_gcc.h ****   __PACKED_STRUCT T_UINT16_READ { uint16_t v; };
  91:Drivers/CMSIS/Include/cmsis_gcc.h ****   #pragma GCC diagnostic pop
  92:Drivers/CMSIS/Include/cmsis_gcc.h ****   #define __UNALIGNED_UINT16_READ(addr)          (((const struct T_UINT16_READ *)(const void *)(add
  93:Drivers/CMSIS/Include/cmsis_gcc.h **** #endif
  94:Drivers/CMSIS/Include/cmsis_gcc.h **** #ifndef   __UNALIGNED_UINT32_WRITE
  95:Drivers/CMSIS/Include/cmsis_gcc.h ****   #pragma GCC diagnostic push
  96:Drivers/CMSIS/Include/cmsis_gcc.h ****   #pragma GCC diagnostic ignored "-Wpacked"
  97:Drivers/CMSIS/Include/cmsis_gcc.h ****   #pragma GCC diagnostic ignored "-Wattributes"
  98:Drivers/CMSIS/Include/cmsis_gcc.h ****   __PACKED_STRUCT T_UINT32_WRITE { uint32_t v; };
  99:Drivers/CMSIS/Include/cmsis_gcc.h ****   #pragma GCC diagnostic pop
 100:Drivers/CMSIS/Include/cmsis_gcc.h ****   #define __UNALIGNED_UINT32_WRITE(addr, val)    (void)((((struct T_UINT32_WRITE *)(void *)(addr))-
 101:Drivers/CMSIS/Include/cmsis_gcc.h **** #endif
 102:Drivers/CMSIS/Include/cmsis_gcc.h **** #ifndef   __UNALIGNED_UINT32_READ
ARM GAS  /var/folders/6s/3jl6m5jx7t98nc481w7chwg80000gn/T//cczMgQgX.s 			page 8


 103:Drivers/CMSIS/Include/cmsis_gcc.h ****   #pragma GCC diagnostic push
 104:Drivers/CMSIS/Include/cmsis_gcc.h ****   #pragma GCC diagnostic ignored "-Wpacked"
 105:Drivers/CMSIS/Include/cmsis_gcc.h ****   #pragma GCC diagnostic ignored "-Wattributes"
 106:Drivers/CMSIS/Include/cmsis_gcc.h ****   __PACKED_STRUCT T_UINT32_READ { uint32_t v; };
 107:Drivers/CMSIS/Include/cmsis_gcc.h ****   #pragma GCC diagnostic pop
 108:Drivers/CMSIS/Include/cmsis_gcc.h ****   #define __UNALIGNED_UINT32_READ(addr)          (((const struct T_UINT32_READ *)(const void *)(add
 109:Drivers/CMSIS/Include/cmsis_gcc.h **** #endif
 110:Drivers/CMSIS/Include/cmsis_gcc.h **** #ifndef   __ALIGNED
 111:Drivers/CMSIS/Include/cmsis_gcc.h ****   #define __ALIGNED(x)                           __attribute__((aligned(x)))
 112:Drivers/CMSIS/Include/cmsis_gcc.h **** #endif
 113:Drivers/CMSIS/Include/cmsis_gcc.h **** #ifndef   __RESTRICT
 114:Drivers/CMSIS/Include/cmsis_gcc.h ****   #define __RESTRICT                             __restrict
 115:Drivers/CMSIS/Include/cmsis_gcc.h **** #endif
 116:Drivers/CMSIS/Include/cmsis_gcc.h **** 
 117:Drivers/CMSIS/Include/cmsis_gcc.h **** 
 118:Drivers/CMSIS/Include/cmsis_gcc.h **** /* ###########################  Core Function Access  ########################### */
 119:Drivers/CMSIS/Include/cmsis_gcc.h **** /** \ingroup  CMSIS_Core_FunctionInterface
 120:Drivers/CMSIS/Include/cmsis_gcc.h ****     \defgroup CMSIS_Core_RegAccFunctions CMSIS Core Register Access Functions
 121:Drivers/CMSIS/Include/cmsis_gcc.h ****   @{
 122:Drivers/CMSIS/Include/cmsis_gcc.h ****  */
 123:Drivers/CMSIS/Include/cmsis_gcc.h **** 
 124:Drivers/CMSIS/Include/cmsis_gcc.h **** /**
 125:Drivers/CMSIS/Include/cmsis_gcc.h ****   \brief   Enable IRQ Interrupts
 126:Drivers/CMSIS/Include/cmsis_gcc.h ****   \details Enables IRQ interrupts by clearing the I-bit in the CPSR.
 127:Drivers/CMSIS/Include/cmsis_gcc.h ****            Can only be executed in Privileged modes.
 128:Drivers/CMSIS/Include/cmsis_gcc.h ****  */
 129:Drivers/CMSIS/Include/cmsis_gcc.h **** __STATIC_FORCEINLINE void __enable_irq(void)
 130:Drivers/CMSIS/Include/cmsis_gcc.h **** {
 131:Drivers/CMSIS/Include/cmsis_gcc.h ****   __ASM volatile ("cpsie i" : : : "memory");
 132:Drivers/CMSIS/Include/cmsis_gcc.h **** }
 133:Drivers/CMSIS/Include/cmsis_gcc.h **** 
 134:Drivers/CMSIS/Include/cmsis_gcc.h **** 
 135:Drivers/CMSIS/Include/cmsis_gcc.h **** /**
 136:Drivers/CMSIS/Include/cmsis_gcc.h ****   \brief   Disable IRQ Interrupts
 137:Drivers/CMSIS/Include/cmsis_gcc.h ****   \details Disables IRQ interrupts by setting the I-bit in the CPSR.
 138:Drivers/CMSIS/Include/cmsis_gcc.h ****            Can only be executed in Privileged modes.
 139:Drivers/CMSIS/Include/cmsis_gcc.h ****  */
 140:Drivers/CMSIS/Include/cmsis_gcc.h **** __STATIC_FORCEINLINE void __disable_irq(void)
 125              		.loc 2 140 27 view .LVU22
 126              	.LBB6:
 141:Drivers/CMSIS/Include/cmsis_gcc.h **** {
 142:Drivers/CMSIS/Include/cmsis_gcc.h ****   __ASM volatile ("cpsid i" : : : "memory");
 127              		.loc 2 142 3 view .LVU23
 128              		.syntax unified
 129              	@ 142 "Drivers/CMSIS/Include/cmsis_gcc.h" 1
 130 0000 72B6     		cpsid i
 131              	@ 0 "" 2
 132              		.thumb
 133              		.syntax unified
 134              	.L6:
 135              	.LBE6:
 136              	.LBE5:
 177:Core/Src/main.c ****   while (1)
 137              		.loc 1 177 3 discriminator 1 view .LVU24
 178:Core/Src/main.c ****   {
 179:Core/Src/main.c ****   }
 138              		.loc 1 179 3 discriminator 1 view .LVU25
ARM GAS  /var/folders/6s/3jl6m5jx7t98nc481w7chwg80000gn/T//cczMgQgX.s 			page 9


 177:Core/Src/main.c ****   while (1)
 139              		.loc 1 177 9 discriminator 1 view .LVU26
 140 0002 FEE7     		b	.L6
 141              		.cfi_endproc
 142              	.LFE126:
 144              		.section	.text.SystemClock_Config,"ax",%progbits
 145              		.align	1
 146              		.global	SystemClock_Config
 147              		.syntax unified
 148              		.thumb
 149              		.thumb_func
 150              		.fpu fpv4-sp-d16
 152              	SystemClock_Config:
 153              	.LFB124:
 110:Core/Src/main.c ****   RCC_OscInitTypeDef RCC_OscInitStruct = {0};
 154              		.loc 1 110 1 view -0
 155              		.cfi_startproc
 156              		@ args = 0, pretend = 0, frame = 64
 157              		@ frame_needed = 0, uses_anonymous_args = 0
 158 0000 00B5     		push	{lr}
 159              	.LCFI3:
 160              		.cfi_def_cfa_offset 4
 161              		.cfi_offset 14, -4
 162 0002 91B0     		sub	sp, sp, #68
 163              	.LCFI4:
 164              		.cfi_def_cfa_offset 72
 111:Core/Src/main.c ****   RCC_ClkInitTypeDef RCC_ClkInitStruct = {0};
 165              		.loc 1 111 3 view .LVU28
 111:Core/Src/main.c ****   RCC_ClkInitTypeDef RCC_ClkInitStruct = {0};
 166              		.loc 1 111 22 is_stmt 0 view .LVU29
 167 0004 2422     		movs	r2, #36
 168 0006 0021     		movs	r1, #0
 169 0008 07A8     		add	r0, sp, #28
 170 000a FFF7FEFF 		bl	memset
 171              	.LVL2:
 112:Core/Src/main.c **** 
 172              		.loc 1 112 3 is_stmt 1 view .LVU30
 112:Core/Src/main.c **** 
 173              		.loc 1 112 22 is_stmt 0 view .LVU31
 174 000e 0023     		movs	r3, #0
 175 0010 0193     		str	r3, [sp, #4]
 176 0012 0293     		str	r3, [sp, #8]
 177 0014 0393     		str	r3, [sp, #12]
 178 0016 0493     		str	r3, [sp, #16]
 179 0018 0593     		str	r3, [sp, #20]
 117:Core/Src/main.c ****   RCC_OscInitStruct.HSIState = RCC_HSI_ON;
 180              		.loc 1 117 3 is_stmt 1 view .LVU32
 117:Core/Src/main.c ****   RCC_OscInitStruct.HSIState = RCC_HSI_ON;
 181              		.loc 1 117 36 is_stmt 0 view .LVU33
 182 001a 0223     		movs	r3, #2
 183 001c 0693     		str	r3, [sp, #24]
 118:Core/Src/main.c ****   RCC_OscInitStruct.HSICalibrationValue = RCC_HSICALIBRATION_DEFAULT;
 184              		.loc 1 118 3 is_stmt 1 view .LVU34
 118:Core/Src/main.c ****   RCC_OscInitStruct.HSICalibrationValue = RCC_HSICALIBRATION_DEFAULT;
 185              		.loc 1 118 30 is_stmt 0 view .LVU35
 186 001e 0123     		movs	r3, #1
 187 0020 0A93     		str	r3, [sp, #40]
ARM GAS  /var/folders/6s/3jl6m5jx7t98nc481w7chwg80000gn/T//cczMgQgX.s 			page 10


 119:Core/Src/main.c ****   RCC_OscInitStruct.PLL.PLLState = RCC_PLL_NONE;
 188              		.loc 1 119 3 is_stmt 1 view .LVU36
 119:Core/Src/main.c ****   RCC_OscInitStruct.PLL.PLLState = RCC_PLL_NONE;
 189              		.loc 1 119 41 is_stmt 0 view .LVU37
 190 0022 1023     		movs	r3, #16
 191 0024 0B93     		str	r3, [sp, #44]
 120:Core/Src/main.c ****   if (HAL_RCC_OscConfig(&RCC_OscInitStruct) != HAL_OK)
 192              		.loc 1 120 3 is_stmt 1 view .LVU38
 121:Core/Src/main.c ****   {
 193              		.loc 1 121 3 view .LVU39
 121:Core/Src/main.c ****   {
 194              		.loc 1 121 7 is_stmt 0 view .LVU40
 195 0026 06A8     		add	r0, sp, #24
 196 0028 FFF7FEFF 		bl	HAL_RCC_OscConfig
 197              	.LVL3:
 121:Core/Src/main.c ****   {
 198              		.loc 1 121 6 view .LVU41
 199 002c 68B9     		cbnz	r0, .L11
 127:Core/Src/main.c ****                               |RCC_CLOCKTYPE_PCLK1|RCC_CLOCKTYPE_PCLK2;
 200              		.loc 1 127 3 is_stmt 1 view .LVU42
 127:Core/Src/main.c ****                               |RCC_CLOCKTYPE_PCLK1|RCC_CLOCKTYPE_PCLK2;
 201              		.loc 1 127 31 is_stmt 0 view .LVU43
 202 002e 0F23     		movs	r3, #15
 203 0030 0193     		str	r3, [sp, #4]
 129:Core/Src/main.c ****   RCC_ClkInitStruct.AHBCLKDivider = RCC_SYSCLK_DIV1;
 204              		.loc 1 129 3 is_stmt 1 view .LVU44
 129:Core/Src/main.c ****   RCC_ClkInitStruct.AHBCLKDivider = RCC_SYSCLK_DIV1;
 205              		.loc 1 129 34 is_stmt 0 view .LVU45
 206 0032 0021     		movs	r1, #0
 207 0034 0291     		str	r1, [sp, #8]
 130:Core/Src/main.c ****   RCC_ClkInitStruct.APB1CLKDivider = RCC_HCLK_DIV1;
 208              		.loc 1 130 3 is_stmt 1 view .LVU46
 130:Core/Src/main.c ****   RCC_ClkInitStruct.APB1CLKDivider = RCC_HCLK_DIV1;
 209              		.loc 1 130 35 is_stmt 0 view .LVU47
 210 0036 0391     		str	r1, [sp, #12]
 131:Core/Src/main.c ****   RCC_ClkInitStruct.APB2CLKDivider = RCC_HCLK_DIV1;
 211              		.loc 1 131 3 is_stmt 1 view .LVU48
 131:Core/Src/main.c ****   RCC_ClkInitStruct.APB2CLKDivider = RCC_HCLK_DIV1;
 212              		.loc 1 131 36 is_stmt 0 view .LVU49
 213 0038 0491     		str	r1, [sp, #16]
 132:Core/Src/main.c **** 
 214              		.loc 1 132 3 is_stmt 1 view .LVU50
 132:Core/Src/main.c **** 
 215              		.loc 1 132 36 is_stmt 0 view .LVU51
 216 003a 0591     		str	r1, [sp, #20]
 134:Core/Src/main.c ****   {
 217              		.loc 1 134 3 is_stmt 1 view .LVU52
 134:Core/Src/main.c ****   {
 218              		.loc 1 134 7 is_stmt 0 view .LVU53
 219 003c 01A8     		add	r0, sp, #4
 220 003e FFF7FEFF 		bl	HAL_RCC_ClockConfig
 221              	.LVL4:
 134:Core/Src/main.c ****   {
 222              		.loc 1 134 6 view .LVU54
 223 0042 20B9     		cbnz	r0, .L12
 138:Core/Src/main.c **** 
 224              		.loc 1 138 1 view .LVU55
ARM GAS  /var/folders/6s/3jl6m5jx7t98nc481w7chwg80000gn/T//cczMgQgX.s 			page 11


 225 0044 11B0     		add	sp, sp, #68
 226              	.LCFI5:
 227              		.cfi_remember_state
 228              		.cfi_def_cfa_offset 4
 229              		@ sp needed
 230 0046 5DF804FB 		ldr	pc, [sp], #4
 231              	.L11:
 232              	.LCFI6:
 233              		.cfi_restore_state
 123:Core/Src/main.c ****   }
 234              		.loc 1 123 5 is_stmt 1 view .LVU56
 235 004a FFF7FEFF 		bl	Error_Handler
 236              	.LVL5:
 237              	.L12:
 136:Core/Src/main.c ****   }
 238              		.loc 1 136 5 view .LVU57
 239 004e FFF7FEFF 		bl	Error_Handler
 240              	.LVL6:
 241              		.cfi_endproc
 242              	.LFE124:
 244              		.section	.text.main,"ax",%progbits
 245              		.align	1
 246              		.global	main
 247              		.syntax unified
 248              		.thumb
 249              		.thumb_func
 250              		.fpu fpv4-sp-d16
 252              	main:
 253              	.LFB123:
  65:Core/Src/main.c ****   /* USER CODE BEGIN 1 */
 254              		.loc 1 65 1 view -0
 255              		.cfi_startproc
 256              		@ Volatile: function does not return.
 257              		@ args = 0, pretend = 0, frame = 0
 258              		@ frame_needed = 0, uses_anonymous_args = 0
 259 0000 08B5     		push	{r3, lr}
 260              	.LCFI7:
 261              		.cfi_def_cfa_offset 8
 262              		.cfi_offset 3, -8
 263              		.cfi_offset 14, -4
  73:Core/Src/main.c **** 
 264              		.loc 1 73 3 view .LVU59
 265 0002 FFF7FEFF 		bl	HAL_Init
 266              	.LVL7:
  80:Core/Src/main.c **** 
 267              		.loc 1 80 3 view .LVU60
 268 0006 FFF7FEFF 		bl	SystemClock_Config
 269              	.LVL8:
  87:Core/Src/main.c ****   /* USER CODE BEGIN 2 */
 270              		.loc 1 87 3 view .LVU61
 271 000a FFF7FEFF 		bl	MX_GPIO_Init
 272              	.LVL9:
 273              	.L14:
  94:Core/Src/main.c ****   {
 274              		.loc 1 94 3 discriminator 1 view .LVU62
  96:Core/Src/main.c ****     HAL_Delay(1000);
 275              		.loc 1 96 5 discriminator 1 view .LVU63
ARM GAS  /var/folders/6s/3jl6m5jx7t98nc481w7chwg80000gn/T//cczMgQgX.s 			page 12


 276 000e 0821     		movs	r1, #8
 277 0010 0348     		ldr	r0, .L16
 278 0012 FFF7FEFF 		bl	HAL_GPIO_TogglePin
 279              	.LVL10:
  97:Core/Src/main.c ****     /* USER CODE END WHILE */
 280              		.loc 1 97 5 discriminator 1 view .LVU64
 281 0016 4FF47A70 		mov	r0, #1000
 282 001a FFF7FEFF 		bl	HAL_Delay
 283              	.LVL11:
  94:Core/Src/main.c ****   {
 284              		.loc 1 94 9 discriminator 1 view .LVU65
 285 001e F6E7     		b	.L14
 286              	.L17:
 287              		.align	2
 288              	.L16:
 289 0020 00040048 		.word	1207960576
 290              		.cfi_endproc
 291              	.LFE123:
 293              		.text
 294              	.Letext0:
 295              		.file 3 "/usr/local/Cellar/arm-none-eabi-gcc/9-2019-q4-major/gcc/arm-none-eabi/include/machine/_de
 296              		.file 4 "/usr/local/Cellar/arm-none-eabi-gcc/9-2019-q4-major/gcc/arm-none-eabi/include/sys/_stdint
 297              		.file 5 "Drivers/CMSIS/Include/core_cm4.h"
 298              		.file 6 "Drivers/CMSIS/Device/ST/STM32F3xx/Include/system_stm32f3xx.h"
 299              		.file 7 "Drivers/CMSIS/Device/ST/STM32F3xx/Include/stm32f303x8.h"
 300              		.file 8 "Drivers/STM32F3xx_HAL_Driver/Inc/stm32f3xx_hal_rcc.h"
 301              		.file 9 "Drivers/STM32F3xx_HAL_Driver/Inc/stm32f3xx_hal_gpio.h"
 302              		.file 10 "Drivers/STM32F3xx_HAL_Driver/Inc/stm32f3xx_hal_def.h"
 303              		.file 11 "Drivers/STM32F3xx_HAL_Driver/Inc/stm32f3xx_hal.h"
 304              		.file 12 "<built-in>"
ARM GAS  /var/folders/6s/3jl6m5jx7t98nc481w7chwg80000gn/T//cczMgQgX.s 			page 13


DEFINED SYMBOLS
                            *ABS*:0000000000000000 main.c
/var/folders/6s/3jl6m5jx7t98nc481w7chwg80000gn/T//cczMgQgX.s:18     .text.MX_GPIO_Init:0000000000000000 $t
/var/folders/6s/3jl6m5jx7t98nc481w7chwg80000gn/T//cczMgQgX.s:25     .text.MX_GPIO_Init:0000000000000000 MX_GPIO_Init
/var/folders/6s/3jl6m5jx7t98nc481w7chwg80000gn/T//cczMgQgX.s:100    .text.MX_GPIO_Init:0000000000000048 $d
/var/folders/6s/3jl6m5jx7t98nc481w7chwg80000gn/T//cczMgQgX.s:106    .text.Error_Handler:0000000000000000 $t
/var/folders/6s/3jl6m5jx7t98nc481w7chwg80000gn/T//cczMgQgX.s:113    .text.Error_Handler:0000000000000000 Error_Handler
/var/folders/6s/3jl6m5jx7t98nc481w7chwg80000gn/T//cczMgQgX.s:145    .text.SystemClock_Config:0000000000000000 $t
/var/folders/6s/3jl6m5jx7t98nc481w7chwg80000gn/T//cczMgQgX.s:152    .text.SystemClock_Config:0000000000000000 SystemClock_Config
/var/folders/6s/3jl6m5jx7t98nc481w7chwg80000gn/T//cczMgQgX.s:245    .text.main:0000000000000000 $t
/var/folders/6s/3jl6m5jx7t98nc481w7chwg80000gn/T//cczMgQgX.s:252    .text.main:0000000000000000 main
/var/folders/6s/3jl6m5jx7t98nc481w7chwg80000gn/T//cczMgQgX.s:289    .text.main:0000000000000020 $d

UNDEFINED SYMBOLS
HAL_GPIO_WritePin
HAL_GPIO_Init
memset
HAL_RCC_OscConfig
HAL_RCC_ClockConfig
HAL_Init
HAL_GPIO_TogglePin
HAL_Delay
